Build started 4/3/2015 4:32:50 PM.
     1>Project "C:\Users\Faheem\documents\visual studio 2010\Projects\contour_new\contour_new\contour_new.vcxproj" on node 2 (build target(s)).
     1>InitializeBuildStatus:
         Creating "Debug\contour_new.unsuccessfulbuild" because "AlwaysCreate" was specified.
       ClCompile:
         C:\Program Files\Microsoft Visual Studio 10.0\VC\bin\CL.exe /c /IE:\opencv\SFML\include /IE:\opencv\SFML\include /IE:\opencv\build\include /ZI /nologo /W3 /WX- /Od /Oy- /D WIN32 /D _DEBUG /D _CONSOLE /D SFML_STATIC /D _UNICODE /D UNICODE /D SFML_STATIC /D _UNICODE /D UNICODE /Gm /EHsc /RTC1 /MDd /GS /fp:precise /Zc:wchar_t /Zc:forScope /Fo"Debug\\" /Fd"Debug\vc100.pdb" /Gd /TP /analyze- /errorReport:prompt contour_new.cpp
         contour_new.cpp
       ManifestResourceCompile:
         All outputs are up-to-date.
       Link:
         C:\Program Files\Microsoft Visual Studio 10.0\VC\bin\link.exe /ERRORREPORT:PROMPT /OUT:"C:\Users\Faheem\documents\visual studio 2010\Projects\contour_new\Debug\contour_new.exe" /INCREMENTAL /NOLOGO /LIBPATH:E:\opencv\SFML\lib /LIBPATH:E:\opencv\SFML\lib /LIBPATH:E:\opencv\build\x86\vc10\lib "sfml-system-d.lib" "sfml-graphics-d.lib" "sfml-window-d.lib" "sfml-audio-d.lib" opencv_calib3d2410d.lib opencv_core2410d.lib opencv_features2d2410d.lib opencv_highgui2410d.lib opencv_imgproc2410d.lib opencv_ml2410d.lib opencv_objdetect2410d.lib opencv_video2410d.lib opencv_flann2410d.lib "sfml-audio-d.lib" kernel32.lib user32.lib gdi32.lib winspool.lib comdlg32.lib advapi32.lib shell32.lib ole32.lib oleaut32.lib uuid.lib odbc32.lib odbccp32.lib /MANIFEST /ManifestFile:"Debug\contour_new.exe.intermediate.manifest" /MANIFESTUAC:"level='asInvoker' uiAccess='false'" /DEBUG /PDB:"C:\Users\Faheem\documents\visual studio 2010\Projects\contour_new\Debug\contour_new.pdb" /SUBSYSTEM:CONSOLE /TLBID:1 /DYNAMICBASE /NXCOMPAT /IMPLIB:"C:\Users\Faheem\documents\visual studio 2010\Projects\contour_new\Debug\contour_new.lib" /MACHINE:X86 Debug\contour_new.exe.embed.manifest.res
         Debug\contour_new.obj
       Manifest:
         C:\Program Files\Microsoft SDKs\Windows\v7.0A\bin\mt.exe /nologo /verbose /out:"Debug\contour_new.exe.embed.manifest" /manifest Debug\contour_new.exe.intermediate.manifest
         All outputs are up-to-date.
       LinkEmbedManifest:
         All outputs are up-to-date.
         contour_new.vcxproj -> C:\Users\Faheem\documents\visual studio 2010\Projects\contour_new\Debug\contour_new.exe
       FinalizeBuildStatus:
         Deleting file "Debug\contour_new.unsuccessfulbuild".
         Touching "Debug\contour_new.lastbuildstate".
     1>Done Building Project "C:\Users\Faheem\documents\visual studio 2010\Projects\contour_new\contour_new\contour_new.vcxproj" (build target(s)).

Build succeeded.

Time Elapsed 00:00:06.28
