C:\Users\Faheem\Documents\Visual Studio 2010\Projects\contour_new\contour_new\Debug\cl.command.1.tlog
C:\Users\Faheem\Documents\Visual Studio 2010\Projects\contour_new\contour_new\Debug\CL.read.1.tlog
C:\Users\Faheem\Documents\Visual Studio 2010\Projects\contour_new\contour_new\Debug\CL.write.1.tlog
C:\USERS\FAHEEM\DOCUMENTS\VISUAL STUDIO 2010\PROJECTS\CONTOUR_NEW\CONTOUR_NEW\DEBUG\CONTOUR_NEW.EXE.EMBED.MANIFEST
C:\USERS\FAHEEM\DOCUMENTS\VISUAL STUDIO 2010\PROJECTS\CONTOUR_NEW\CONTOUR_NEW\DEBUG\CONTOUR_NEW.EXE.EMBED.MANIFEST.RES
C:\USERS\FAHEEM\DOCUMENTS\VISUAL STUDIO 2010\PROJECTS\CONTOUR_NEW\CONTOUR_NEW\DEBUG\CONTOUR_NEW.EXE.INTERMEDIATE.MANIFEST
C:\USERS\FAHEEM\DOCUMENTS\VISUAL STUDIO 2010\PROJECTS\CONTOUR_NEW\CONTOUR_NEW\DEBUG\CONTOUR_NEW.OBJ
C:\Users\Faheem\Documents\Visual Studio 2010\Projects\contour_new\contour_new\Debug\contour_new_manifest.rc
C:\Users\Faheem\Documents\Visual Studio 2010\Projects\contour_new\contour_new\Debug\link.command.1.tlog
C:\Users\Faheem\Documents\Visual Studio 2010\Projects\contour_new\contour_new\Debug\link.read.1.tlog
C:\Users\Faheem\Documents\Visual Studio 2010\Projects\contour_new\contour_new\Debug\link.write.1.tlog
C:\Users\Faheem\Documents\Visual Studio 2010\Projects\contour_new\contour_new\Debug\link-cvtres.read.1.tlog
C:\Users\Faheem\Documents\Visual Studio 2010\Projects\contour_new\contour_new\Debug\link-cvtres.write.1.tlog
C:\Users\Faheem\Documents\Visual Studio 2010\Projects\contour_new\contour_new\Debug\mt.command.1.tlog
C:\Users\Faheem\Documents\Visual Studio 2010\Projects\contour_new\contour_new\Debug\mt.read.1.tlog
C:\Users\Faheem\Documents\Visual Studio 2010\Projects\contour_new\contour_new\Debug\mt.write.1.tlog
C:\Users\Faheem\Documents\Visual Studio 2010\Projects\contour_new\contour_new\Debug\rc.command.1.tlog
C:\Users\Faheem\Documents\Visual Studio 2010\Projects\contour_new\contour_new\Debug\rc.read.1.tlog
C:\Users\Faheem\Documents\Visual Studio 2010\Projects\contour_new\contour_new\Debug\rc.write.1.tlog
C:\Users\Faheem\Documents\Visual Studio 2010\Projects\contour_new\contour_new\Debug\vc100.idb
C:\USERS\FAHEEM\DOCUMENTS\VISUAL STUDIO 2010\PROJECTS\CONTOUR_NEW\CONTOUR_NEW\DEBUG\VC100.PDB
C:\USERS\FAHEEM\DOCUMENTS\VISUAL STUDIO 2010\PROJECTS\CONTOUR_NEW\DEBUG\CONTOUR_NEW.EXE
C:\USERS\FAHEEM\DOCUMENTS\VISUAL STUDIO 2010\PROJECTS\CONTOUR_NEW\DEBUG\CONTOUR_NEW.ILK
C:\USERS\FAHEEM\DOCUMENTS\VISUAL STUDIO 2010\PROJECTS\CONTOUR_NEW\DEBUG\CONTOUR_NEW.PDB
